[2024-04-01 00:01:31:17458933] WARN %{PID:- } [l-1 housekeeper] com.zaxxer.hikari.pool.HikariPool - HikariPool-1 - Thread starvation or clock leap detected (housekeeper delta=1h49m51s769ms).
[2024-04-01 01:02:28:21116701] WARN %{PID:- } [l-1 housekeeper] com.zaxxer.hikari.pool.HikariPool - HikariPool-1 - Thread starvation or clock leap detected (housekeeper delta=1h57s756ms).
[2024-04-01 01:51:29:24057351] WARN %{PID:- } [l-1 housekeeper] com.zaxxer.hikari.pool.HikariPool - HikariPool-1 - Thread starvation or clock leap detected (housekeeper delta=48m30s643ms).
[2024-04-01 04:05:27:32095035] WARN %{PID:- } [l-1 housekeeper] com.zaxxer.hikari.pool.HikariPool - HikariPool-1 - Thread starvation or clock leap detected (housekeeper delta=2h13m57s683ms).
[2024-04-01 06:07:27:39415605] WARN %{PID:- } [l-1 housekeeper] com.zaxxer.hikari.pool.HikariPool - HikariPool-1 - Thread starvation or clock leap detected (housekeeper delta=2h2m572ms).
[2024-04-01 07:08:34:43082117] WARN %{PID:- } [l-1 housekeeper] com.zaxxer.hikari.pool.HikariPool - HikariPool-1 - Thread starvation or clock leap detected (housekeeper delta=1h1m6s511ms).
[2024-04-01 09:26:45:51372924] WARN %{PID:- } [l-1 housekeeper] com.zaxxer.hikari.pool.HikariPool - HikariPool-1 - Thread starvation or clock leap detected (housekeeper delta=2h18m10s807ms).
[2024-04-01 09:51:33:52861586] WARN %{PID:- } [l-1 housekeeper] com.zaxxer.hikari.pool.HikariPool - HikariPool-1 - Thread starvation or clock leap detected (housekeeper delta=24m48s661ms).
[2024-04-01 10:22:20:54707927] WARN %{PID:- } [l-1 housekeeper] com.zaxxer.hikari.pool.HikariPool - HikariPool-1 - Thread starvation or clock leap detected (housekeeper delta=30m46s342ms).
[2024-04-01 10:23:07:54755670] WARN %{PID:- } [l-1 housekeeper] com.zaxxer.hikari.pool.HikariPool - HikariPool-1 - Thread starvation or clock leap detected (housekeeper delta=47s743ms).
[2024-04-01 10:24:47:54855734] WARN %{PID:- } [l-1 housekeeper] com.zaxxer.hikari.pool.HikariPool - HikariPool-1 - Thread starvation or clock leap detected (housekeeper delta=1m10s50ms).
[2024-04-01 10:29:25:55133257] WARN %{PID:- } [l-1 housekeeper] com.zaxxer.hikari.pool.HikariPool - HikariPool-1 - Thread starvation or clock leap detected (housekeeper delta=4m37s465ms).
[2024-04-01 10:29:30:55137890] INFO %{PID:- } [onaws.com:27017] org.mongodb.driver.cluster - Monitor thread successfully connected to server with description ServerDescription{address=ec2-13-58-121-9.us-east-2.compute.amazonaws.com:27017, type=STANDALONE, state=CONNECTED, ok=true, minWireVersion=0, maxWireVersion=17, maxDocumentSize=16777216, logicalSessionTimeoutMinutes=30, roundTripTimeNanos=185333750}
[2024-04-01 10:29:54:55162524] WARN %{PID:- } [l-1 housekeeper] com.zaxxer.hikari.pool.HikariPool - HikariPool-1 - Retrograde clock change detected (housekeeper delta=29s320ms), soft-evicting connections from pool.
[2024-04-01 10:30:30:55198225] INFO %{PID:- } [onaws.com:27017] org.mongodb.driver.cluster - Exception in monitor thread while connecting to server ec2-13-58-121-9.us-east-2.compute.amazonaws.com:27017
com.mongodb.MongoSocketReadTimeoutException: Timeout while receiving message
	at com.mongodb.internal.connection.InternalStreamConnection.translateReadException(InternalStreamConnection.java:728) ~[mongodb-driver-core-4.11.1.jar:?]
	at com.mongodb.internal.connection.InternalStreamConnection.receiveMessageWithAdditionalTimeout(InternalStreamConnection.java:606) ~[mongodb-driver-core-4.11.1.jar:?]
	at com.mongodb.internal.connection.InternalStreamConnection.receiveCommandMessageResponse(InternalStreamConnection.java:451) ~[mongodb-driver-core-4.11.1.jar:?]
	at com.mongodb.internal.connection.InternalStreamConnection.receive(InternalStreamConnection.java:404) ~[mongodb-driver-core-4.11.1.jar:?]
	at com.mongodb.internal.connection.DefaultServerMonitor$ServerMonitorRunnable.lookupServerDescription(DefaultServerMonitor.java:224) [mongodb-driver-core-4.11.1.jar:?]
	at com.mongodb.internal.connection.DefaultServerMonitor$ServerMonitorRunnable.run(DefaultServerMonitor.java:156) [mongodb-driver-core-4.11.1.jar:?]
	at java.base/java.lang.Thread.run(Thread.java:1589) [?:?]
Caused by: java.net.SocketTimeoutException: Read timed out
	at java.base/sun.nio.ch.NioSocketImpl.timedRead(NioSocketImpl.java:273) ~[?:?]
	at java.base/sun.nio.ch.NioSocketImpl.implRead(NioSocketImpl.java:299) ~[?:?]
	at java.base/sun.nio.ch.NioSocketImpl.read(NioSocketImpl.java:340) ~[?:?]
	at java.base/sun.nio.ch.NioSocketImpl$1.read(NioSocketImpl.java:789) ~[?:?]
	at java.base/java.net.Socket$SocketInputStream.read(Socket.java:1025) ~[?:?]
	at com.mongodb.internal.connection.SocketStream.read(SocketStream.java:175) ~[mongodb-driver-core-4.11.1.jar:?]
	at com.mongodb.internal.connection.SocketStream.read(SocketStream.java:200) ~[mongodb-driver-core-4.11.1.jar:?]
	at com.mongodb.internal.connection.InternalStreamConnection.receiveResponseBuffers(InternalStreamConnection.java:739) ~[mongodb-driver-core-4.11.1.jar:?]
	at com.mongodb.internal.connection.InternalStreamConnection.receiveMessageWithAdditionalTimeout(InternalStreamConnection.java:603) ~[mongodb-driver-core-4.11.1.jar:?]
	... 5 more
[2024-04-01 10:30:30:55198721] INFO %{PID:- } [onaws.com:27017] org.mongodb.driver.cluster - Monitor thread successfully connected to server with description ServerDescription{address=ec2-13-58-121-9.us-east-2.compute.amazonaws.com:27017, type=STANDALONE, state=CONNECTED, ok=true, minWireVersion=0, maxWireVersion=17, maxDocumentSize=16777216, logicalSessionTimeoutMinutes=30, roundTripTimeNanos=193116708}
[2024-04-01 11:04:24:57232768] INFO %{PID:- } [ionShutdownHook] org.springframework.orm.jpa.LocalContainerEntityManagerFactoryBean - Closing JPA EntityManagerFactory for persistence unit 'default'
[2024-04-01 11:04:24:57232805] INFO %{PID:- } [ionShutdownHook] com.zaxxer.hikari.HikariDataSource - HikariPool-1 - Shutdown initiated...
[2024-04-01 11:04:27:57235662] INFO %{PID:- } [ionShutdownHook] com.zaxxer.hikari.HikariDataSource - HikariPool-1 - Shutdown completed.
